# JRE version: OpenJDK Runtime Environment (8.0_242-b01) (build 1.8.0_242-release-1644-b01)
# Java VM: OpenJDK 64-Bit Server VM (25.242-b01 mixed mode windows-amd64 compressed oops)
Heap:
 PSYoungGen      total 135680K, used 38482K [0x00000000d5580000, 0x00000000e1800000, 0x0000000100000000)
  eden space 124928K, 23% used [0x00000000d5580000,0x00000000d71ba9c8,0x00000000dcf80000)
  from space 10752K, 89% used [0x00000000dcf80000,0x00000000dd8d9ea0,0x00000000dda00000)
  to   space 11776K, 0% used [0x00000000e0c80000,0x00000000e0c80000,0x00000000e1800000)
 ParOldGen       total 46592K, used 14323K [0x0000000080000000, 0x0000000082d80000, 0x00000000d5580000)
  object space 46592K, 30% used [0x0000000080000000,0x0000000080dfcdb0,0x0000000082d80000)
 Metaspace       used 40540K, capacity 42486K, committed 42584K, reserved 1085440K
  class space    used 5568K, capacity 5961K, committed 6016K, reserved 1048576K
GC Heap History (10 events):
Event: 28.363 GC heap before
{Heap before GC invocations=11 (full 1):
 PSYoungGen      total 70144K, used 62976K [0x00000000d5580000, 0x00000000dc700000, 0x0000000100000000)
  eden space 62976K, 100% used [0x00000000d5580000,0x00000000d9300000,0x00000000d9300000)
  from space 7168K, 0% used [0x00000000d9300000,0x00000000d9300000,0x00000000d9a00000)
  to   space 7680K, 0% used [0x00000000dbf80000,0x00000000dbf80000,0x00000000dc700000)
 ParOldGen       total 32768K, used 9521K [0x0000000080000000, 0x0000000082000000, 0x00000000d5580000)
  object space 32768K, 29% used [0x0000000080000000,0x000000008094c728,0x0000000082000000)
 Metaspace       used 24320K, capacity 25300K, committed 25600K, reserved 1071104K
  class space    used 3465K, capacity 3734K, committed 3840K, reserved 1048576K
Event: 28.392 GC heap after
Heap after GC invocations=11 (full 1):
 PSYoungGen      total 93696K, used 5468K [0x00000000d5580000, 0x00000000dc500000, 0x0000000100000000)
  eden space 88064K, 0% used [0x00000000d5580000,0x00000000d5580000,0x00000000dab80000)
  from space 5632K, 97% used [0x00000000dbf80000,0x00000000dc4d72b8,0x00000000dc500000)
  to   space 7680K, 0% used [0x00000000db600000,0x00000000db600000,0x00000000dbd80000)
 ParOldGen       total 32768K, used 9529K [0x0000000080000000, 0x0000000082000000, 0x00000000d5580000)
  object space 32768K, 29% used [0x0000000080000000,0x000000008094e728,0x0000000082000000)
 Metaspace       used 24320K, capacity 25300K, committed 25600K, reserved 1071104K
  class space    used 3465K, capacity 3734K, committed 3840K, reserved 1048576K
}
Event: 39.175 GC heap before
{Heap before GC invocations=12 (full 1):
 PSYoungGen      total 93696K, used 93532K [0x00000000d5580000, 0x00000000dc500000, 0x0000000100000000)
  eden space 88064K, 100% used [0x00000000d5580000,0x00000000dab80000,0x00000000dab80000)
  from space 5632K, 97% used [0x00000000dbf80000,0x00000000dc4d72b8,0x00000000dc500000)
  to   space 7680K, 0% used [0x00000000db600000,0x00000000db600000,0x00000000dbd80000)
 ParOldGen       total 32768K, used 9529K [0x0000000080000000, 0x0000000082000000, 0x00000000d5580000)
  object space 32768K, 29% used [0x0000000080000000,0x000000008094e728,0x0000000082000000)
 Metaspace       used 33616K, capacity 34800K, committed 35072K, reserved 1079296K
  class space    used 4540K, capacity 4839K, committed 4864K, reserved 1048576K
Event: 39.472 GC heap after
Heap after GC invocations=12 (full 1):
 PSYoungGen      total 106496K, used 7664K [0x00000000d5580000, 0x00000000de400000, 0x0000000100000000)
  eden space 98816K, 0% used [0x00000000d5580000,0x00000000d5580000,0x00000000db600000)
  from space 7680K, 99% used [0x00000000db600000,0x00000000dbd7c128,0x00000000dbd80000)
  to   space 10240K, 0% used [0x00000000dda00000,0x00000000dda00000,0x00000000de400000)
 ParOldGen       total 32768K, used 14098K [0x0000000080000000, 0x0000000082000000, 0x00000000d5580000)
  object space 32768K, 43% used [0x0000000080000000,0x0000000080dc4bf8,0x0000000082000000)
 Metaspace       used 33616K, capacity 34800K, committed 35072K, reserved 1079296K
  class space    used 4540K, capacity 4839K, committed 4864K, reserved 1048576K
}
Event: 39.869 GC heap before
{Heap before GC invocations=13 (full 1):
 PSYoungGen      total 106496K, used 16364K [0x00000000d5580000, 0x00000000de400000, 0x0000000100000000)
  eden space 98816K, 8% used [0x00000000d5580000,0x00000000d5dfef28,0x00000000db600000)
  from space 7680K, 99% used [0x00000000db600000,0x00000000dbd7c128,0x00000000dbd80000)
  to   space 10240K, 0% used [0x00000000dda00000,0x00000000dda00000,0x00000000de400000)
 ParOldGen       total 32768K, used 14098K [0x0000000080000000, 0x0000000082000000, 0x00000000d5580000)
  object space 32768K, 43% used [0x0000000080000000,0x0000000080dc4bf8,0x0000000082000000)
 Metaspace       used 33978K, capacity 35250K, committed 35416K, reserved 1079296K
  class space    used 4578K, capacity 4880K, committed 4992K, reserved 1048576K
Event: 39.906 GC heap after
Heap after GC invocations=13 (full 1):
 PSYoungGen      total 135168K, used 650K [0x00000000d5580000, 0x00000000dfa80000, 0x0000000100000000)
  eden space 124928K, 0% used [0x00000000d5580000,0x00000000d5580000,0x00000000dcf80000)
  from space 10240K, 6% used [0x00000000dda00000,0x00000000ddaa28e8,0x00000000de400000)
  to   space 10752K, 0% used [0x00000000dcf80000,0x00000000dcf80000,0x00000000dda00000)
 ParOldGen       total 32768K, used 19147K [0x0000000080000000, 0x0000000082000000, 0x00000000d5580000)
  object space 32768K, 58% used [0x0000000080000000,0x00000000812b2c58,0x0000000082000000)
 Metaspace       used 33978K, capacity 35250K, committed 35416K, reserved 1079296K
  class space    used 4578K, capacity 4880K, committed 4992K, reserved 1048576K
}
Event: 39.906 GC heap before
{Heap before GC invocations=14 (full 2):
 PSYoungGen      total 135168K, used 650K [0x00000000d5580000, 0x00000000dfa80000, 0x0000000100000000)
  eden space 124928K, 0% used [0x00000000d5580000,0x00000000d5580000,0x00000000dcf80000)
  from space 10240K, 6% used [0x00000000dda00000,0x00000000ddaa28e8,0x00000000de400000)
  to   space 10752K, 0% used [0x00000000dcf80000,0x00000000dcf80000,0x00000000dda00000)
 ParOldGen       total 32768K, used 19147K [0x0000000080000000, 0x0000000082000000, 0x00000000d5580000)
  object space 32768K, 58% used [0x0000000080000000,0x00000000812b2c58,0x0000000082000000)
 Metaspace       used 33978K, capacity 35250K, committed 35416K, reserved 1079296K
  class space    used 4578K, capacity 4880K, committed 4992K, reserved 1048576K
Event: 40.224 GC heap after
Heap after GC invocations=14 (full 2):
 PSYoungGen      total 135168K, used 0K [0x00000000d5580000, 0x00000000dfa80000, 0x0000000100000000)
  eden space 124928K, 0% used [0x00000000d5580000,0x00000000d5580000,0x00000000dcf80000)
  from space 10240K, 0% used [0x00000000dda00000,0x00000000dda00000,0x00000000de400000)
  to   space 10752K, 0% used [0x00000000dcf80000,0x00000000dcf80000,0x00000000dda00000)
 ParOldGen       total 46592K, used 14315K [0x0000000080000000, 0x0000000082d80000, 0x00000000d5580000)
  object space 46592K, 30% used [0x0000000080000000,0x0000000080dfadb0,0x0000000082d80000)
 Metaspace       used 33978K, capacity 35250K, committed 35416K, reserved 1079296K
  class space    used 4578K, capacity 4880K, committed 4992K, reserved 1048576K
}
Event: 50.938 GC heap before
{Heap before GC invocations=15 (full 2):
 PSYoungGen      total 135168K, used 124928K [0x00000000d5580000, 0x00000000dfa80000, 0x0000000100000000)
  eden space 124928K, 100% used [0x00000000d5580000,0x00000000dcf80000,0x00000000dcf80000)
  from space 10240K, 0% used [0x00000000dda00000,0x00000000dda00000,0x00000000de400000)
  to   space 10752K, 0% used [0x00000000dcf80000,0x00000000dcf80000,0x00000000dda00000)
 ParOldGen       total 46592K, used 14315K [0x0000000080000000, 0x0000000082d80000, 0x00000000d5580000)
  object space 46592K, 30% used [0x0000000080000000,0x0000000080dfadb0,0x0000000082d80000)
 Metaspace       used 38816K, capacity 40590K, committed 40792K, reserved 1085440K
  class space    used 5316K, capacity 5700K, committed 5760K, reserved 1048576K
Event: 50.999 GC heap after
Heap after GC invocations=15 (full 2):
 PSYoungGen      total 135680K, used 9575K [0x00000000d5580000, 0x00000000e1800000, 0x0000000100000000)
  eden space 124928K, 0% used [0x00000000d5580000,0x00000000d5580000,0x00000000dcf80000)
  from space 10752K, 89% used [0x00000000dcf80000,0x00000000dd8d9ea0,0x00000000dda00000)
  to   space 11776K, 0% used [0x00000000e0c80000,0x00000000e0c80000,0x00000000e1800000)
 ParOldGen       total 46592K, used 14323K [0x0000000080000000, 0x0000000082d80000, 0x00000000d5580000)
  object space 46592K, 30% used [0x0000000080000000,0x0000000080dfcdb0,0x0000000082d80000)
 Metaspace       used 38816K, capacity 40590K, committed 40792K, reserved 1085440K
  class space    used 5316K, capacity 5700K, committed 5760K, reserved 1048576K
}

