# JRE version: OpenJDK Runtime Environment (8.0_242-b01) (build 1.8.0_242-release-1644-b01)
# Java VM: OpenJDK 64-Bit Server VM (25.242-b01 mixed mode windows-amd64 compressed oops)
Heap:
 PSYoungGen      total 127488K, used 28385K [0x00000000d5580000, 0x00000000deb80000, 0x0000000100000000)
  eden space 118272K, 23% used [0x00000000d5580000,0x00000000d7138458,0x00000000dc900000)
  from space 9216K, 0% used [0x00000000dd280000,0x00000000dd280000,0x00000000ddb80000)
  to   space 9728K, 0% used [0x00000000dc900000,0x00000000dc900000,0x00000000dd280000)
 ParOldGen       total 34816K, used 13803K [0x0000000080000000, 0x0000000082200000, 0x00000000d5580000)
  object space 34816K, 39% used [0x0000000080000000,0x0000000080d7acb8,0x0000000082200000)
 Metaspace       used 35618K, capacity 36796K, committed 36952K, reserved 1081344K
  class space    used 4898K, capacity 5173K, committed 5248K, reserved 1048576K
GC Heap History (10 events):
Event: 85.170 GC heap before
{Heap before GC invocations=10 (full 1):
 PSYoungGen      total 70144K, used 6325K [0x00000000d5580000, 0x00000000dc700000, 0x0000000100000000)
  eden space 62976K, 0% used [0x00000000d5580000,0x00000000d5580000,0x00000000d9300000)
  from space 7168K, 88% used [0x00000000d9300000,0x00000000d992d720,0x00000000d9a00000)
  to   space 7680K, 0% used [0x00000000dbf80000,0x00000000dbf80000,0x00000000dc700000)
 ParOldGen       total 44032K, used 6508K [0x0000000080000000, 0x0000000082b00000, 0x00000000d5580000)
  object space 44032K, 14% used [0x0000000080000000,0x000000008065b070,0x0000000082b00000)
 Metaspace       used 20575K, capacity 21204K, committed 21248K, reserved 1067008K
  class space    used 2870K, capacity 3048K, committed 3072K, reserved 1048576K
Event: 85.668 GC heap after
Heap after GC invocations=10 (full 1):
 PSYoungGen      total 70144K, used 0K [0x00000000d5580000, 0x00000000dc700000, 0x0000000100000000)
  eden space 62976K, 0% used [0x00000000d5580000,0x00000000d5580000,0x00000000d9300000)
  from space 7168K, 0% used [0x00000000d9300000,0x00000000d9300000,0x00000000d9a00000)
  to   space 7680K, 0% used [0x00000000dbf80000,0x00000000dbf80000,0x00000000dc700000)
 ParOldGen       total 34816K, used 10188K [0x0000000080000000, 0x0000000082200000, 0x00000000d5580000)
  object space 34816K, 29% used [0x0000000080000000,0x00000000809f31c0,0x0000000082200000)
 Metaspace       used 20575K, capacity 21204K, committed 21248K, reserved 1067008K
  class space    used 2870K, capacity 3048K, committed 3072K, reserved 1048576K
}
Event: 103.481 GC heap before
{Heap before GC invocations=11 (full 1):
 PSYoungGen      total 70144K, used 62976K [0x00000000d5580000, 0x00000000dc700000, 0x0000000100000000)
  eden space 62976K, 100% used [0x00000000d5580000,0x00000000d9300000,0x00000000d9300000)
  from space 7168K, 0% used [0x00000000d9300000,0x00000000d9300000,0x00000000d9a00000)
  to   space 7680K, 0% used [0x00000000dbf80000,0x00000000dbf80000,0x00000000dc700000)
 ParOldGen       total 34816K, used 10188K [0x0000000080000000, 0x0000000082200000, 0x00000000d5580000)
  object space 34816K, 29% used [0x0000000080000000,0x00000000809f31c0,0x0000000082200000)
 Metaspace       used 28079K, capacity 28894K, committed 29312K, reserved 1075200K
  class space    used 3860K, capacity 4099K, committed 4224K, reserved 1048576K
Event: 103.535 GC heap after
Heap after GC invocations=11 (full 1):
 PSYoungGen      total 93696K, used 7665K [0x00000000d5580000, 0x00000000dc700000, 0x0000000100000000)
  eden space 86016K, 0% used [0x00000000d5580000,0x00000000d5580000,0x00000000da980000)
  from space 7680K, 99% used [0x00000000dbf80000,0x00000000dc6fc528,0x00000000dc700000)
  to   space 8704K, 0% used [0x00000000db600000,0x00000000db600000,0x00000000dbe80000)
 ParOldGen       total 34816K, used 10224K [0x0000000080000000, 0x0000000082200000, 0x00000000d5580000)
  object space 34816K, 29% used [0x0000000080000000,0x00000000809fc298,0x0000000082200000)
 Metaspace       used 28079K, capacity 28894K, committed 29312K, reserved 1075200K
  class space    used 3860K, capacity 4099K, committed 4224K, reserved 1048576K
}
Event: 114.116 GC heap before
{Heap before GC invocations=12 (full 1):
 PSYoungGen      total 93696K, used 93681K [0x00000000d5580000, 0x00000000dc700000, 0x0000000100000000)
  eden space 86016K, 100% used [0x00000000d5580000,0x00000000da980000,0x00000000da980000)
  from space 7680K, 99% used [0x00000000dbf80000,0x00000000dc6fc528,0x00000000dc700000)
  to   space 8704K, 0% used [0x00000000db600000,0x00000000db600000,0x00000000dbe80000)
 ParOldGen       total 34816K, used 10224K [0x0000000080000000, 0x0000000082200000, 0x00000000d5580000)
  object space 34816K, 29% used [0x0000000080000000,0x00000000809fc298,0x0000000082200000)
 Metaspace       used 33819K, capacity 34888K, committed 35200K, reserved 1079296K
  class space    used 4631K, capacity 4897K, committed 4992K, reserved 1048576K
Event: 114.247 GC heap after
Heap after GC invocations=12 (full 1):
 PSYoungGen      total 107520K, used 7753K [0x00000000d5580000, 0x00000000ddb80000, 0x0000000100000000)
  eden space 98816K, 0% used [0x00000000d5580000,0x00000000d5580000,0x00000000db600000)
  from space 8704K, 89% used [0x00000000db600000,0x00000000dbd92738,0x00000000dbe80000)
  to   space 9216K, 0% used [0x00000000dd280000,0x00000000dd280000,0x00000000ddb80000)
 ParOldGen       total 34816K, used 13235K [0x0000000080000000, 0x0000000082200000, 0x00000000d5580000)
  object space 34816K, 38% used [0x0000000080000000,0x0000000080cecd08,0x0000000082200000)
 Metaspace       used 33819K, capacity 34888K, committed 35200K, reserved 1079296K
  class space    used 4631K, capacity 4897K, committed 4992K, reserved 1048576K
}
Event: 119.095 GC heap before
{Heap before GC invocations=13 (full 1):
 PSYoungGen      total 107520K, used 20428K [0x00000000d5580000, 0x00000000ddb80000, 0x0000000100000000)
  eden space 98816K, 12% used [0x00000000d5580000,0x00000000d61e0b20,0x00000000db600000)
  from space 8704K, 89% used [0x00000000db600000,0x00000000dbd92738,0x00000000dbe80000)
  to   space 9216K, 0% used [0x00000000dd280000,0x00000000dd280000,0x00000000ddb80000)
 ParOldGen       total 34816K, used 13235K [0x0000000080000000, 0x0000000082200000, 0x00000000d5580000)
  object space 34816K, 38% used [0x0000000080000000,0x0000000080cecd08,0x0000000082200000)
 Metaspace       used 34316K, capacity 35392K, committed 35416K, reserved 1079296K
  class space    used 4720K, capacity 4973K, committed 4992K, reserved 1048576K
Event: 119.117 GC heap after
Heap after GC invocations=13 (full 1):
 PSYoungGen      total 127488K, used 737K [0x00000000d5580000, 0x00000000deb80000, 0x0000000100000000)
  eden space 118272K, 0% used [0x00000000d5580000,0x00000000d5580000,0x00000000dc900000)
  from space 9216K, 7% used [0x00000000dd280000,0x00000000dd338480,0x00000000ddb80000)
  to   space 9728K, 0% used [0x00000000dc900000,0x00000000dc900000,0x00000000dd280000)
 ParOldGen       total 34816K, used 16855K [0x0000000080000000, 0x0000000082200000, 0x00000000d5580000)
  object space 34816K, 48% used [0x0000000080000000,0x0000000081075e50,0x0000000082200000)
 Metaspace       used 34316K, capacity 35392K, committed 35416K, reserved 1079296K
  class space    used 4720K, capacity 4973K, committed 4992K, reserved 1048576K
}
Event: 119.117 GC heap before
{Heap before GC invocations=14 (full 2):
 PSYoungGen      total 127488K, used 737K [0x00000000d5580000, 0x00000000deb80000, 0x0000000100000000)
  eden space 118272K, 0% used [0x00000000d5580000,0x00000000d5580000,0x00000000dc900000)
  from space 9216K, 7% used [0x00000000dd280000,0x00000000dd338480,0x00000000ddb80000)
  to   space 9728K, 0% used [0x00000000dc900000,0x00000000dc900000,0x00000000dd280000)
 ParOldGen       total 34816K, used 16855K [0x0000000080000000, 0x0000000082200000, 0x00000000d5580000)
  object space 34816K, 48% used [0x0000000080000000,0x0000000081075e50,0x0000000082200000)
 Metaspace       used 34316K, capacity 35392K, committed 35416K, reserved 1079296K
  class space    used 4720K, capacity 4973K, committed 4992K, reserved 1048576K
Event: 119.377 GC heap after
Heap after GC invocations=14 (full 2):
 PSYoungGen      total 127488K, used 0K [0x00000000d5580000, 0x00000000deb80000, 0x0000000100000000)
  eden space 118272K, 0% used [0x00000000d5580000,0x00000000d5580000,0x00000000dc900000)
  from space 9216K, 0% used [0x00000000dd280000,0x00000000dd280000,0x00000000ddb80000)
  to   space 9728K, 0% used [0x00000000dc900000,0x00000000dc900000,0x00000000dd280000)
 ParOldGen       total 34816K, used 13803K [0x0000000080000000, 0x0000000082200000, 0x00000000d5580000)
  object space 34816K, 39% used [0x0000000080000000,0x0000000080d7acb8,0x0000000082200000)
 Metaspace       used 34316K, capacity 35392K, committed 35416K, reserved 1079296K
  class space    used 4720K, capacity 4973K, committed 4992K, reserved 1048576K
}

