# JRE version: OpenJDK Runtime Environment (8.0_242-b01) (build 1.8.0_242-release-1644-b01)
# Java VM: OpenJDK 64-Bit Server VM (25.242-b01 mixed mode windows-amd64 compressed oops)
Heap:
 PSYoungGen      total 300032K, used 240231K [0x00000000d5580000, 0x00000000eda80000, 0x0000000100000000)
  eden space 276480K, 78% used [0x00000000d5580000,0x00000000e291b8e8,0x00000000e6380000)
  from space 23552K, 99% used [0x00000000e6380000,0x00000000e7a7e598,0x00000000e7a80000)
  to   space 32256K, 0% used [0x00000000ebb00000,0x00000000ebb00000,0x00000000eda80000)
 ParOldGen       total 86528K, used 49757K [0x0000000080000000, 0x0000000085480000, 0x00000000d5580000)
  object space 86528K, 57% used [0x0000000080000000,0x0000000083097580,0x0000000085480000)
 Metaspace       used 80317K, capacity 83837K, committed 84120K, reserved 1122304K
  class space    used 10695K, capacity 11403K, committed 11432K, reserved 1048576K
GC Heap History (10 events):
Event: 33.617 GC heap before
{Heap before GC invocations=14 (full 2):
 PSYoungGen      total 188416K, used 171450K [0x00000000d5580000, 0x00000000e5500000, 0x0000000100000000)
  eden space 175616K, 90% used [0x00000000d5580000,0x00000000df074818,0x00000000e0100000)
  from space 12800K, 99% used [0x00000000e0100000,0x00000000e0d7a350,0x00000000e0d80000)
  to   space 14848K, 0% used [0x00000000e4680000,0x00000000e4680000,0x00000000e5500000)
 ParOldGen       total 50688K, used 15819K [0x0000000080000000, 0x0000000083180000, 0x00000000d5580000)
  object space 50688K, 31% used [0x0000000080000000,0x0000000080f72c70,0x0000000083180000)
 Metaspace       used 56699K, capacity 59047K, committed 59160K, reserved 1099776K
  class space    used 7746K, capacity 8232K, committed 8232K, reserved 1048576K
Event: 33.798 GC heap after
Heap after GC invocations=14 (full 2):
 PSYoungGen      total 240640K, used 14826K [0x00000000d5580000, 0x00000000e5f00000, 0x0000000100000000)
  eden space 225792K, 0% used [0x00000000d5580000,0x00000000d5580000,0x00000000e3200000)
  from space 14848K, 99% used [0x00000000e4680000,0x00000000e54fab50,0x00000000e5500000)
  to   space 20992K, 0% used [0x00000000e3200000,0x00000000e3200000,0x00000000e4680000)
 ParOldGen       total 50688K, used 26434K [0x0000000080000000, 0x0000000083180000, 0x00000000d5580000)
  object space 50688K, 52% used [0x0000000080000000,0x00000000819d0a68,0x0000000083180000)
 Metaspace       used 56699K, capacity 59047K, committed 59160K, reserved 1099776K
  class space    used 7746K, capacity 8232K, committed 8232K, reserved 1048576K
}
Event: 33.798 GC heap before
{Heap before GC invocations=15 (full 3):
 PSYoungGen      total 240640K, used 14826K [0x00000000d5580000, 0x00000000e5f00000, 0x0000000100000000)
  eden space 225792K, 0% used [0x00000000d5580000,0x00000000d5580000,0x00000000e3200000)
  from space 14848K, 99% used [0x00000000e4680000,0x00000000e54fab50,0x00000000e5500000)
  to   space 20992K, 0% used [0x00000000e3200000,0x00000000e3200000,0x00000000e4680000)
 ParOldGen       total 50688K, used 26434K [0x0000000080000000, 0x0000000083180000, 0x00000000d5580000)
  object space 50688K, 52% used [0x0000000080000000,0x00000000819d0a68,0x0000000083180000)
 Metaspace       used 56699K, capacity 59047K, committed 59160K, reserved 1099776K
  class space    used 7746K, capacity 8232K, committed 8232K, reserved 1048576K
Event: 34.404 GC heap after
Heap after GC invocations=15 (full 3):
 PSYoungGen      total 240640K, used 0K [0x00000000d5580000, 0x00000000e5f00000, 0x0000000100000000)
  eden space 225792K, 0% used [0x00000000d5580000,0x00000000d5580000,0x00000000e3200000)
  from space 14848K, 0% used [0x00000000e4680000,0x00000000e4680000,0x00000000e5500000)
  to   space 20992K, 0% used [0x00000000e3200000,0x00000000e3200000,0x00000000e4680000)
 ParOldGen       total 86528K, used 37295K [0x0000000080000000, 0x0000000085480000, 0x00000000d5580000)
  object space 86528K, 43% used [0x0000000080000000,0x000000008246be48,0x0000000085480000)
 Metaspace       used 56694K, capacity 59029K, committed 59160K, reserved 1099776K
  class space    used 7744K, capacity 8229K, committed 8232K, reserved 1048576K
}
Event: 49.229 GC heap before
{Heap before GC invocations=16 (full 3):
 PSYoungGen      total 240640K, used 225792K [0x00000000d5580000, 0x00000000e5f00000, 0x0000000100000000)
  eden space 225792K, 100% used [0x00000000d5580000,0x00000000e3200000,0x00000000e3200000)
  from space 14848K, 0% used [0x00000000e4680000,0x00000000e4680000,0x00000000e5500000)
  to   space 20992K, 0% used [0x00000000e3200000,0x00000000e3200000,0x00000000e4680000)
 ParOldGen       total 86528K, used 37295K [0x0000000080000000, 0x0000000085480000, 0x00000000d5580000)
  object space 86528K, 43% used [0x0000000080000000,0x000000008246be48,0x0000000085480000)
 Metaspace       used 65250K, capacity 68197K, committed 68376K, reserved 1107968K
  class space    used 8918K, capacity 9500K, committed 9512K, reserved 1048576K
Event: 49.323 GC heap after
Heap after GC invocations=16 (full 3):
 PSYoungGen      total 246784K, used 18755K [0x00000000d5580000, 0x00000000e9880000, 0x0000000100000000)
  eden space 225792K, 0% used [0x00000000d5580000,0x00000000d5580000,0x00000000e3200000)
  from space 20992K, 89% used [0x00000000e3200000,0x00000000e4450eb0,0x00000000e4680000)
  to   space 23552K, 0% used [0x00000000e8180000,0x00000000e8180000,0x00000000e9880000)
 ParOldGen       total 86528K, used 37303K [0x0000000080000000, 0x0000000085480000, 0x00000000d5580000)
  object space 86528K, 43% used [0x0000000080000000,0x000000008246de48,0x0000000085480000)
 Metaspace       used 65250K, capacity 68197K, committed 68376K, reserved 1107968K
  class space    used 8918K, capacity 9500K, committed 9512K, reserved 1048576K
}
Event: 61.572 GC heap before
{Heap before GC invocations=17 (full 3):
 PSYoungGen      total 246784K, used 244547K [0x00000000d5580000, 0x00000000e9880000, 0x0000000100000000)
  eden space 225792K, 100% used [0x00000000d5580000,0x00000000e3200000,0x00000000e3200000)
  from space 20992K, 89% used [0x00000000e3200000,0x00000000e4450eb0,0x00000000e4680000)
  to   space 23552K, 0% used [0x00000000e8180000,0x00000000e8180000,0x00000000e9880000)
 ParOldGen       total 86528K, used 37303K [0x0000000080000000, 0x0000000085480000, 0x00000000d5580000)
  object space 86528K, 43% used [0x0000000080000000,0x000000008246de48,0x0000000085480000)
 Metaspace       used 67486K, capacity 70593K, committed 70680K, reserved 1110016K
  class space    used 9146K, capacity 9752K, committed 9768K, reserved 1048576K
Event: 61.634 GC heap after
Heap after GC invocations=17 (full 3):
 PSYoungGen      total 292864K, used 13373K [0x00000000d5580000, 0x00000000e9180000, 0x0000000100000000)
  eden space 276480K, 0% used [0x00000000d5580000,0x00000000d5580000,0x00000000e6380000)
  from space 16384K, 81% used [0x00000000e8180000,0x00000000e8e8f670,0x00000000e9180000)
  to   space 23552K, 0% used [0x00000000e6380000,0x00000000e6380000,0x00000000e7a80000)
 ParOldGen       total 86528K, used 37311K [0x0000000080000000, 0x0000000085480000, 0x00000000d5580000)
  object space 86528K, 43% used [0x0000000080000000,0x000000008246fe48,0x0000000085480000)
 Metaspace       used 67486K, capacity 70593K, committed 70680K, reserved 1110016K
  class space    used 9146K, capacity 9752K, committed 9768K, reserved 1048576K
}
Event: 79.799 GC heap before
{Heap before GC invocations=18 (full 3):
 PSYoungGen      total 292864K, used 289853K [0x00000000d5580000, 0x00000000e9180000, 0x0000000100000000)
  eden space 276480K, 100% used [0x00000000d5580000,0x00000000e6380000,0x00000000e6380000)
  from space 16384K, 81% used [0x00000000e8180000,0x00000000e8e8f670,0x00000000e9180000)
  to   space 23552K, 0% used [0x00000000e6380000,0x00000000e6380000,0x00000000e7a80000)
 ParOldGen       total 86528K, used 37311K [0x0000000080000000, 0x0000000085480000, 0x00000000d5580000)
  object space 86528K, 43% used [0x0000000080000000,0x000000008246fe48,0x0000000085480000)
 Metaspace       used 78482K, capacity 81903K, committed 82072K, reserved 1120256K
  class space    used 10430K, capacity 11082K, committed 11176K, reserved 1048576K
Event: 79.974 GC heap after
Heap after GC invocations=18 (full 3):
 PSYoungGen      total 300032K, used 23545K [0x00000000d5580000, 0x00000000eda80000, 0x0000000100000000)
  eden space 276480K, 0% used [0x00000000d5580000,0x00000000d5580000,0x00000000e6380000)
  from space 23552K, 99% used [0x00000000e6380000,0x00000000e7a7e598,0x00000000e7a80000)
  to   space 32256K, 0% used [0x00000000ebb00000,0x00000000ebb00000,0x00000000eda80000)
 ParOldGen       total 86528K, used 49757K [0x0000000080000000, 0x0000000085480000, 0x00000000d5580000)
  object space 86528K, 57% used [0x0000000080000000,0x0000000083097580,0x0000000085480000)
 Metaspace       used 78482K, capacity 81903K, committed 82072K, reserved 1120256K
  class space    used 10430K, capacity 11082K, committed 11176K, reserved 1048576K
}

