# JRE version: OpenJDK Runtime Environment (8.0_242-b01) (build 1.8.0_242-release-1644-b01)
# Java VM: OpenJDK 64-Bit Server VM (25.242-b01 mixed mode windows-amd64 compressed oops)
Heap:
 PSYoungGen      total 454656K, used 268254K [0x00000000d5580000, 0x00000000f5300000, 0x0000000100000000)
  eden space 422400K, 55% used [0x00000000d5580000,0x00000000e3bfde58,0x00000000ef200000)
  from space 32256K, 99% used [0x00000000f1880000,0x00000000f37f9cd0,0x00000000f3800000)
  to   space 39424K, 0% used [0x00000000ef200000,0x00000000ef200000,0x00000000f1880000)
 ParOldGen       total 125440K, used 71889K [0x0000000080000000, 0x0000000087a80000, 0x00000000d5580000)
  object space 125440K, 57% used [0x0000000080000000,0x00000000846346d0,0x0000000087a80000)
 Metaspace       used 105176K, capacity 110064K, committed 110296K, reserved 1144832K
  class space    used 13504K, capacity 14535K, committed 14592K, reserved 1048576K
GC Heap History (10 events):
Event: 1235.440 GC heap before
{Heap before GC invocations=24 (full 3):
 PSYoungGen      total 346112K, used 343464K [0x00000000d5580000, 0x00000000ec680000, 0x0000000100000000)
  eden space 325632K, 100% used [0x00000000d5580000,0x00000000e9380000,0x00000000e9380000)
  from space 20480K, 87% used [0x00000000eb280000,0x00000000ec3ea368,0x00000000ec680000)
  to   space 26112K, 0% used [0x00000000e9380000,0x00000000e9380000,0x00000000ead00000)
 ParOldGen       total 76800K, used 60259K [0x0000000080000000, 0x0000000084b00000, 0x00000000d5580000)
  object space 76800K, 78% used [0x0000000080000000,0x0000000083ad8e30,0x0000000084b00000)
 Metaspace       used 90930K, capacity 95278K, committed 95448K, reserved 1132544K
  class space    used 11801K, capacity 12715K, committed 12800K, reserved 1048576K
Event: 1236.598 GC heap after
Heap after GC invocations=24 (full 3):
 PSYoungGen      total 351744K, used 26097K [0x00000000d5580000, 0x00000000f0600000, 0x0000000100000000)
  eden space 325632K, 0% used [0x00000000d5580000,0x00000000d5580000,0x00000000e9380000)
  from space 26112K, 99% used [0x00000000e9380000,0x00000000eacfc680,0x00000000ead00000)
  to   space 32768K, 0% used [0x00000000ee600000,0x00000000ee600000,0x00000000f0600000)
 ParOldGen       total 76800K, used 66086K [0x0000000080000000, 0x0000000084b00000, 0x00000000d5580000)
  object space 76800K, 86% used [0x0000000080000000,0x0000000084089b78,0x0000000084b00000)
 Metaspace       used 90930K, capacity 95278K, committed 95448K, reserved 1132544K
  class space    used 11801K, capacity 12715K, committed 12800K, reserved 1048576K
}
Event: 1236.602 GC heap before
{Heap before GC invocations=25 (full 4):
 PSYoungGen      total 351744K, used 26097K [0x00000000d5580000, 0x00000000f0600000, 0x0000000100000000)
  eden space 325632K, 0% used [0x00000000d5580000,0x00000000d5580000,0x00000000e9380000)
  from space 26112K, 99% used [0x00000000e9380000,0x00000000eacfc680,0x00000000ead00000)
  to   space 32768K, 0% used [0x00000000ee600000,0x00000000ee600000,0x00000000f0600000)
 ParOldGen       total 76800K, used 66086K [0x0000000080000000, 0x0000000084b00000, 0x00000000d5580000)
  object space 76800K, 86% used [0x0000000080000000,0x0000000084089b78,0x0000000084b00000)
 Metaspace       used 90930K, capacity 95278K, committed 95448K, reserved 1132544K
  class space    used 11801K, capacity 12715K, committed 12800K, reserved 1048576K
Event: 1242.891 GC heap after
Heap after GC invocations=25 (full 4):
 PSYoungGen      total 351744K, used 0K [0x00000000d5580000, 0x00000000f0600000, 0x0000000100000000)
  eden space 325632K, 0% used [0x00000000d5580000,0x00000000d5580000,0x00000000e9380000)
  from space 26112K, 0% used [0x00000000e9380000,0x00000000e9380000,0x00000000ead00000)
  to   space 32768K, 0% used [0x00000000ee600000,0x00000000ee600000,0x00000000f0600000)
 ParOldGen       total 125440K, used 66111K [0x0000000080000000, 0x0000000087a80000, 0x00000000d5580000)
  object space 125440K, 52% used [0x0000000080000000,0x000000008408fe48,0x0000000087a80000)
 Metaspace       used 90883K, capacity 95200K, committed 95448K, reserved 1132544K
  class space    used 11786K, capacity 12694K, committed 12800K, reserved 1048576K
}
Event: 1266.634 GC heap before
{Heap before GC invocations=26 (full 4):
 PSYoungGen      total 351744K, used 325632K [0x00000000d5580000, 0x00000000f0600000, 0x0000000100000000)
  eden space 325632K, 100% used [0x00000000d5580000,0x00000000e9380000,0x00000000e9380000)
  from space 26112K, 0% used [0x00000000e9380000,0x00000000e9380000,0x00000000ead00000)
  to   space 32768K, 0% used [0x00000000ee600000,0x00000000ee600000,0x00000000f0600000)
 ParOldGen       total 125440K, used 66111K [0x0000000080000000, 0x0000000087a80000, 0x00000000d5580000)
  object space 125440K, 52% used [0x0000000080000000,0x000000008408fe48,0x0000000087a80000)
 Metaspace       used 93395K, capacity 97882K, committed 98136K, reserved 1134592K
  class space    used 12084K, capacity 13049K, committed 13184K, reserved 1048576K
Event: 1266.702 GC heap after
Heap after GC invocations=26 (full 4):
 PSYoungGen      total 403968K, used 11585K [0x00000000d5580000, 0x00000000f0100000, 0x0000000100000000)
  eden space 376320K, 0% used [0x00000000d5580000,0x00000000d5580000,0x00000000ec500000)
  from space 27648K, 41% used [0x00000000ee600000,0x00000000ef150530,0x00000000f0100000)
  to   space 30720K, 0% used [0x00000000ec500000,0x00000000ec500000,0x00000000ee300000)
 ParOldGen       total 125440K, used 66119K [0x0000000080000000, 0x0000000087a80000, 0x00000000d5580000)
  object space 125440K, 52% used [0x0000000080000000,0x0000000084091e48,0x0000000087a80000)
 Metaspace       used 93395K, capacity 97882K, committed 98136K, reserved 1134592K
  class space    used 12084K, capacity 13049K, committed 13184K, reserved 1048576K
}
Event: 1284.941 GC heap before
{Heap before GC invocations=27 (full 4):
 PSYoungGen      total 403968K, used 387905K [0x00000000d5580000, 0x00000000f0100000, 0x0000000100000000)
  eden space 376320K, 100% used [0x00000000d5580000,0x00000000ec500000,0x00000000ec500000)
  from space 27648K, 41% used [0x00000000ee600000,0x00000000ef150530,0x00000000f0100000)
  to   space 30720K, 0% used [0x00000000ec500000,0x00000000ec500000,0x00000000ee300000)
 ParOldGen       total 125440K, used 66119K [0x0000000080000000, 0x0000000087a80000, 0x00000000d5580000)
  object space 125440K, 52% used [0x0000000080000000,0x0000000084091e48,0x0000000087a80000)
 Metaspace       used 97906K, capacity 102606K, committed 102744K, reserved 1138688K
  class space    used 12635K, capacity 13593K, committed 13696K, reserved 1048576K
Event: 1285.035 GC heap after
Heap after GC invocations=27 (full 4):
 PSYoungGen      total 407040K, used 21474K [0x00000000d5580000, 0x00000000f3800000, 0x0000000100000000)
  eden space 376320K, 0% used [0x00000000d5580000,0x00000000d5580000,0x00000000ec500000)
  from space 30720K, 69% used [0x00000000ec500000,0x00000000ed9f8920,0x00000000ee300000)
  to   space 32256K, 0% used [0x00000000f1880000,0x00000000f1880000,0x00000000f3800000)
 ParOldGen       total 125440K, used 66119K [0x0000000080000000, 0x0000000087a80000, 0x00000000d5580000)
  object space 125440K, 52% used [0x0000000080000000,0x0000000084091e48,0x0000000087a80000)
 Metaspace       used 97906K, capacity 102606K, committed 102744K, reserved 1138688K
  class space    used 12635K, capacity 13593K, committed 13696K, reserved 1048576K
}
Event: 1308.311 GC heap before
{Heap before GC invocations=28 (full 4):
 PSYoungGen      total 407040K, used 397794K [0x00000000d5580000, 0x00000000f3800000, 0x0000000100000000)
  eden space 376320K, 100% used [0x00000000d5580000,0x00000000ec500000,0x00000000ec500000)
  from space 30720K, 69% used [0x00000000ec500000,0x00000000ed9f8920,0x00000000ee300000)
  to   space 32256K, 0% used [0x00000000f1880000,0x00000000f1880000,0x00000000f3800000)
 ParOldGen       total 125440K, used 66119K [0x0000000080000000, 0x0000000087a80000, 0x00000000d5580000)
  object space 125440K, 52% used [0x0000000080000000,0x0000000084091e48,0x0000000087a80000)
 Metaspace       used 104337K, capacity 109208K, committed 109400K, reserved 1144832K
  class space    used 13383K, capacity 14403K, committed 14464K, reserved 1048576K
Event: 1308.985 GC heap after
Heap after GC invocations=28 (full 4):
 PSYoungGen      total 454656K, used 32231K [0x00000000d5580000, 0x00000000f5300000, 0x0000000100000000)
  eden space 422400K, 0% used [0x00000000d5580000,0x00000000d5580000,0x00000000ef200000)
  from space 32256K, 99% used [0x00000000f1880000,0x00000000f37f9cd0,0x00000000f3800000)
  to   space 39424K, 0% used [0x00000000ef200000,0x00000000ef200000,0x00000000f1880000)
 ParOldGen       total 125440K, used 71889K [0x0000000080000000, 0x0000000087a80000, 0x00000000d5580000)
  object space 125440K, 57% used [0x0000000080000000,0x00000000846346d0,0x0000000087a80000)
 Metaspace       used 104337K, capacity 109208K, committed 109400K, reserved 1144832K
  class space    used 13383K, capacity 14403K, committed 14464K, reserved 1048576K
}

