# JRE version: OpenJDK Runtime Environment (8.0_242-b01) (build 1.8.0_242-release-1644-b01)
# Java VM: OpenJDK 64-Bit Server VM (25.242-b01 mixed mode windows-amd64 compressed oops)
Heap:
 PSYoungGen      total 300544K, used 288803K [0x00000000d5580000, 0x00000000eab00000, 0x0000000100000000)
  eden space 268800K, 97% used [0x00000000d5580000,0x00000000e5546798,0x00000000e5c00000)
  from space 31744K, 84% used [0x00000000e5c00000,0x00000000e76427b0,0x00000000e7b00000)
  to   space 33792K, 0% used [0x00000000e8a00000,0x00000000e8a00000,0x00000000eab00000)
 ParOldGen       total 212480K, used 84635K [0x0000000080000000, 0x000000008cf80000, 0x00000000d5580000)
  object space 212480K, 39% used [0x0000000080000000,0x00000000852a6d88,0x000000008cf80000)
 Metaspace       used 83513K, capacity 87870K, committed 88152K, reserved 1126400K
  class space    used 11234K, capacity 12053K, committed 12160K, reserved 1048576K
GC Heap History (10 events):
Event: 181.930 GC heap before
{Heap before GC invocations=33 (full 6):
 PSYoungGen      total 273920K, used 264275K [0x00000000d5580000, 0x00000000e8200000, 0x0000000100000000)
  eden space 244224K, 100% used [0x00000000d5580000,0x00000000e4400000,0x00000000e4400000)
  from space 29696K, 67% used [0x00000000e6180000,0x00000000e7514cc8,0x00000000e7e80000)
  to   space 30208K, 0% used [0x00000000e4400000,0x00000000e4400000,0x00000000e6180000)
 ParOldGen       total 212480K, used 84627K [0x0000000080000000, 0x000000008cf80000, 0x00000000d5580000)
  object space 212480K, 39% used [0x0000000080000000,0x00000000852a4d88,0x000000008cf80000)
 Metaspace       used 83313K, capacity 87654K, committed 87768K, reserved 1124352K
  class space    used 11221K, capacity 12015K, committed 12032K, reserved 1048576K
Event: 182.038 GC heap after
Heap after GC invocations=33 (full 6):
 PSYoungGen      total 274432K, used 20285K [0x00000000d5580000, 0x00000000e8c00000, 0x0000000100000000)
  eden space 244224K, 0% used [0x00000000d5580000,0x00000000d5580000,0x00000000e4400000)
  from space 30208K, 67% used [0x00000000e4400000,0x00000000e57cf788,0x00000000e6180000)
  to   space 30720K, 0% used [0x00000000e6e00000,0x00000000e6e00000,0x00000000e8c00000)
 ParOldGen       total 212480K, used 84627K [0x0000000080000000, 0x000000008cf80000, 0x00000000d5580000)
  object space 212480K, 39% used [0x0000000080000000,0x00000000852a4d88,0x000000008cf80000)
 Metaspace       used 83313K, capacity 87654K, committed 87768K, reserved 1124352K
  class space    used 11221K, capacity 12015K, committed 12032K, reserved 1048576K
}
Event: 187.771 GC heap before
{Heap before GC invocations=34 (full 6):
 PSYoungGen      total 274432K, used 264509K [0x00000000d5580000, 0x00000000e8c00000, 0x0000000100000000)
  eden space 244224K, 100% used [0x00000000d5580000,0x00000000e4400000,0x00000000e4400000)
  from space 30208K, 67% used [0x00000000e4400000,0x00000000e57cf788,0x00000000e6180000)
  to   space 30720K, 0% used [0x00000000e6e00000,0x00000000e6e00000,0x00000000e8c00000)
 ParOldGen       total 212480K, used 84627K [0x0000000080000000, 0x000000008cf80000, 0x00000000d5580000)
  object space 212480K, 39% used [0x0000000080000000,0x00000000852a4d88,0x000000008cf80000)
 Metaspace       used 83391K, capacity 87718K, committed 87768K, reserved 1124352K
  class space    used 11221K, capacity 12015K, committed 12032K, reserved 1048576K
Event: 187.865 GC heap after
Heap after GC invocations=34 (full 6):
 PSYoungGen      total 284160K, used 18501K [0x00000000d5580000, 0x00000000e8a00000, 0x0000000100000000)
  eden space 255488K, 0% used [0x00000000d5580000,0x00000000d5580000,0x00000000e4f00000)
  from space 28672K, 64% used [0x00000000e6e00000,0x00000000e8011410,0x00000000e8a00000)
  to   space 30208K, 0% used [0x00000000e4f00000,0x00000000e4f00000,0x00000000e6c80000)
 ParOldGen       total 212480K, used 84627K [0x0000000080000000, 0x000000008cf80000, 0x00000000d5580000)
  object space 212480K, 39% used [0x0000000080000000,0x00000000852a4d88,0x000000008cf80000)
 Metaspace       used 83391K, capacity 87718K, committed 87768K, reserved 1124352K
  class space    used 11221K, capacity 12015K, committed 12032K, reserved 1048576K
}
Event: 192.154 GC heap before
{Heap before GC invocations=35 (full 6):
 PSYoungGen      total 284160K, used 273989K [0x00000000d5580000, 0x00000000e8a00000, 0x0000000100000000)
  eden space 255488K, 100% used [0x00000000d5580000,0x00000000e4f00000,0x00000000e4f00000)
  from space 28672K, 64% used [0x00000000e6e00000,0x00000000e8011410,0x00000000e8a00000)
  to   space 30208K, 0% used [0x00000000e4f00000,0x00000000e4f00000,0x00000000e6c80000)
 ParOldGen       total 212480K, used 84627K [0x0000000080000000, 0x000000008cf80000, 0x00000000d5580000)
  object space 212480K, 39% used [0x0000000080000000,0x00000000852a4d88,0x000000008cf80000)
 Metaspace       used 83404K, capacity 87734K, committed 87768K, reserved 1124352K
  class space    used 11222K, capacity 12017K, committed 12032K, reserved 1048576K
Event: 192.334 GC heap after
Heap after GC invocations=35 (full 6):
 PSYoungGen      total 285696K, used 23505K [0x00000000d5580000, 0x00000000e9a00000, 0x0000000100000000)
  eden space 255488K, 0% used [0x00000000d5580000,0x00000000d5580000,0x00000000e4f00000)
  from space 30208K, 77% used [0x00000000e4f00000,0x00000000e65f4590,0x00000000e6c80000)
  to   space 31232K, 0% used [0x00000000e7b80000,0x00000000e7b80000,0x00000000e9a00000)
 ParOldGen       total 212480K, used 84627K [0x0000000080000000, 0x000000008cf80000, 0x00000000d5580000)
  object space 212480K, 39% used [0x0000000080000000,0x00000000852a4d88,0x000000008cf80000)
 Metaspace       used 83404K, capacity 87734K, committed 87768K, reserved 1124352K
  class space    used 11222K, capacity 12017K, committed 12032K, reserved 1048576K
}
Event: 206.722 GC heap before
{Heap before GC invocations=36 (full 6):
 PSYoungGen      total 285696K, used 278993K [0x00000000d5580000, 0x00000000e9a00000, 0x0000000100000000)
  eden space 255488K, 100% used [0x00000000d5580000,0x00000000e4f00000,0x00000000e4f00000)
  from space 30208K, 77% used [0x00000000e4f00000,0x00000000e65f4590,0x00000000e6c80000)
  to   space 31232K, 0% used [0x00000000e7b80000,0x00000000e7b80000,0x00000000e9a00000)
 ParOldGen       total 212480K, used 84627K [0x0000000080000000, 0x000000008cf80000, 0x00000000d5580000)
  object space 212480K, 39% used [0x0000000080000000,0x00000000852a4d88,0x000000008cf80000)
 Metaspace       used 83417K, capacity 87734K, committed 87768K, reserved 1124352K
  class space    used 11222K, capacity 12017K, committed 12032K, reserved 1048576K
Event: 206.952 GC heap after
Heap after GC invocations=36 (full 6):
 PSYoungGen      total 300032K, used 21786K [0x00000000d5580000, 0x00000000e9a00000, 0x0000000100000000)
  eden space 268800K, 0% used [0x00000000d5580000,0x00000000d5580000,0x00000000e5c00000)
  from space 31232K, 69% used [0x00000000e7b80000,0x00000000e90c6b30,0x00000000e9a00000)
  to   space 31744K, 0% used [0x00000000e5c00000,0x00000000e5c00000,0x00000000e7b00000)
 ParOldGen       total 212480K, used 84635K [0x0000000080000000, 0x000000008cf80000, 0x00000000d5580000)
  object space 212480K, 39% used [0x0000000080000000,0x00000000852a6d88,0x000000008cf80000)
 Metaspace       used 83417K, capacity 87734K, committed 87768K, reserved 1124352K
  class space    used 11222K, capacity 12017K, committed 12032K, reserved 1048576K
}
Event: 214.078 GC heap before
{Heap before GC invocations=37 (full 6):
 PSYoungGen      total 300032K, used 290586K [0x00000000d5580000, 0x00000000e9a00000, 0x0000000100000000)
  eden space 268800K, 100% used [0x00000000d5580000,0x00000000e5c00000,0x00000000e5c00000)
  from space 31232K, 69% used [0x00000000e7b80000,0x00000000e90c6b30,0x00000000e9a00000)
  to   space 31744K, 0% used [0x00000000e5c00000,0x00000000e5c00000,0x00000000e7b00000)
 ParOldGen       total 212480K, used 84635K [0x0000000080000000, 0x000000008cf80000, 0x00000000d5580000)
  object space 212480K, 39% used [0x0000000080000000,0x00000000852a6d88,0x000000008cf80000)
 Metaspace       used 83510K, capacity 87870K, committed 88152K, reserved 1126400K
  class space    used 11234K, capacity 12053K, committed 12160K, reserved 1048576K
Event: 214.221 GC heap after
Heap after GC invocations=37 (full 6):
 PSYoungGen      total 300544K, used 26889K [0x00000000d5580000, 0x00000000eab00000, 0x0000000100000000)
  eden space 268800K, 0% used [0x00000000d5580000,0x00000000d5580000,0x00000000e5c00000)
  from space 31744K, 84% used [0x00000000e5c00000,0x00000000e76427b0,0x00000000e7b00000)
  to   space 33792K, 0% used [0x00000000e8a00000,0x00000000e8a00000,0x00000000eab00000)
 ParOldGen       total 212480K, used 84635K [0x0000000080000000, 0x000000008cf80000, 0x00000000d5580000)
  object space 212480K, 39% used [0x0000000080000000,0x00000000852a6d88,0x000000008cf80000)
 Metaspace       used 83510K, capacity 87870K, committed 88152K, reserved 1126400K
  class space    used 11234K, capacity 12053K, committed 12160K, reserved 1048576K
}

